0 info it worked if it ends with ok
1 verbose cli [ '/usr/local/bin/node', '/usr/local/bin/npm', 'run', 'release' ]
2 info using npm@3.10.10
3 info using node@v6.10.3
4 verbose run-script [ 'prerelease', 'release', 'postrelease' ]
5 info lifecycle logistic@1.0.0~prerelease: logistic@1.0.0
6 silly lifecycle logistic@1.0.0~prerelease: no script for prerelease, continuing
7 info lifecycle logistic@1.0.0~release: logistic@1.0.0
8 verbose lifecycle logistic@1.0.0~release: unsafe-perm in lifecycle true
9 verbose lifecycle logistic@1.0.0~release: PATH: /usr/local/lib/node_modules/npm/bin/node-gyp-bin:/Users/zhujunlin/Desktop/Project/logistic/node_modules/.bin:/Users/zhujunlin/.yarn/bin:/Library/Frameworks/Python.framework/Versions/3.6/bin:/usr/local/gradle/gradle-3.2.1/bin:/usr/local/bin:/usr/bin:/bin:/usr/sbin:/sbin:/Users/zhujunlin/.yarn/bin:/Library/Frameworks/Python.framework/Versions/3.6/bin:/usr/local/gradle/gradle-3.2.1/bin:/usr/local/apache-tomcat-9.0.0.M18/bin:/Users/zhujunlin/Software/adt-bundle-mac-x86_64-20140702/sdk/platform-tools:/Users/zhujunlin/Software/adt-bundle-mac-x86_64-20140702/sdk/tools:/usr/local/apache-tomcat-9.0.0.M18/bin:/Users/zhujunlin/Software/adt-bundle-mac-x86_64-20140702/sdk/platform-tools:/Users/zhujunlin/Software/adt-bundle-mac-x86_64-20140702/sdk/tools
10 verbose lifecycle logistic@1.0.0~release: CWD: /Users/zhujunlin/Desktop/Project/logistic
11 silly lifecycle logistic@1.0.0~release: Args: [ '-c', 'node build/release.js' ]
12 silly lifecycle logistic@1.0.0~release: Returned: code: 1  signal: null
13 info lifecycle logistic@1.0.0~release: Failed to exec release script
14 verbose stack Error: logistic@1.0.0 release: `node build/release.js`
14 verbose stack Exit status 1
14 verbose stack     at EventEmitter.<anonymous> (/usr/local/lib/node_modules/npm/lib/utils/lifecycle.js:255:16)
14 verbose stack     at emitTwo (events.js:106:13)
14 verbose stack     at EventEmitter.emit (events.js:191:7)
14 verbose stack     at ChildProcess.<anonymous> (/usr/local/lib/node_modules/npm/lib/utils/spawn.js:40:14)
14 verbose stack     at emitTwo (events.js:106:13)
14 verbose stack     at ChildProcess.emit (events.js:191:7)
14 verbose stack     at maybeClose (internal/child_process.js:886:16)
14 verbose stack     at Process.ChildProcess._handle.onexit (internal/child_process.js:226:5)
15 verbose pkgid logistic@1.0.0
16 verbose cwd /Users/zhujunlin/Desktop/Project/logistic
17 error Darwin 16.7.0
18 error argv "/usr/local/bin/node" "/usr/local/bin/npm" "run" "release"
19 error node v6.10.3
20 error npm  v3.10.10
21 error code ELIFECYCLE
22 error logistic@1.0.0 release: `node build/release.js`
22 error Exit status 1
23 error Failed at the logistic@1.0.0 release script 'node build/release.js'.
23 error Make sure you have the latest version of node.js and npm installed.
23 error If you do, this is most likely a problem with the logistic package,
23 error not with npm itself.
23 error Tell the author that this fails on your system:
23 error     node build/release.js
23 error You can get information on how to open an issue for this project with:
23 error     npm bugs logistic
23 error Or if that isn't available, you can get their info via:
23 error     npm owner ls logistic
23 error There is likely additional logging output above.
24 verbose exit [ 1, true ]
